D, [2014-04-01T22:46:41.622883 #3407] DEBUG -- :   [1m[36mDbBranch Load (0.3ms)[0m  [1mSELECT `db_branches`.* FROM `db_branches`[0m
D, [2014-04-01T22:46:45.968184 #3407] DEBUG -- :   [1m[35mDbBranch Load (0.5ms)[0m  SELECT `db_branches`.* FROM `db_branches`
D, [2014-04-01T22:46:52.119827 #3407] DEBUG -- :   [1m[36mDbBranch Load (0.5ms)[0m  [1mSELECT `db_branches`.* FROM `db_branches`[0m
D, [2014-04-01T22:47:05.211218 #3407] DEBUG -- :   [1m[35m (0.1ms)[0m  BEGIN
D, [2014-04-01T22:47:05.214489 #3407] DEBUG -- :   [1m[36mSQL (0.8ms)[0m  [1mINSERT INTO `db_branches` (`name`) VALUES ('master')[0m
E, [2014-04-01T22:47:05.214540 #3407] ERROR -- : Mysql2::Error: Field 'sha1' doesn't have a default value: INSERT INTO `db_branches` (`name`) VALUES ('master')
D, [2014-04-01T22:47:05.214779 #3407] DEBUG -- :   [1m[35m (0.1ms)[0m  ROLLBACK
D, [2014-04-01T22:47:55.659344 #3445] DEBUG -- :   [1m[36m (0.2ms)[0m  [1mBEGIN[0m
D, [2014-04-01T22:47:55.678209 #3445] DEBUG -- :   [1m[35m (0.2ms)[0m  ROLLBACK
D, [2014-04-01T22:48:06.869692 #3445] DEBUG -- :   [1m[36m (0.2ms)[0m  [1mBEGIN[0m
D, [2014-04-01T22:48:06.872486 #3445] DEBUG -- :   [1m[35mSQL (0.9ms)[0m  INSERT INTO `db_branches` (`name`, `sha1`) VALUES ('master', '123')
D, [2014-04-01T22:48:06.971980 #3445] DEBUG -- :   [1m[36m (99.1ms)[0m  [1mCOMMIT[0m
D, [2014-04-01T23:03:13.180296 #4106] DEBUG -- :   [1m[36mDbBranch Load (0.3ms)[0m  [1mSELECT `db_branches`.* FROM `db_branches`[0m
D, [2014-04-01T23:03:43.224127 #4106] DEBUG -- :   [1m[35m (0.1ms)[0m  BEGIN
D, [2014-04-01T23:03:43.228016 #4106] DEBUG -- :   [1m[36mSQL (0.7ms)[0m  [1mINSERT INTO `db_refs` (`name`, `ref`) VALUES ('HEAD', 'master')[0m
D, [2014-04-01T23:03:43.228481 #4106] DEBUG -- :   [1m[35m (0.2ms)[0m  COMMIT
D, [2014-04-01T23:04:44.801175 #4106] DEBUG -- :   [1m[36m (0.1ms)[0m  [1mBEGIN[0m
D, [2014-04-01T23:04:44.803655 #4106] DEBUG -- :   [1m[35mSQL (0.4ms)[0m  INSERT INTO `db_objects` (`sha1`, `size`, `type`) VALUES ('12345', 999, 'DbBlob')
D, [2014-04-01T23:04:44.804360 #4106] DEBUG -- :   [1m[36m (0.4ms)[0m  [1mCOMMIT[0m
D, [2014-04-01T23:07:12.018579 #4211] DEBUG -- :   [1m[36m (0.1ms)[0m  [1mBEGIN[0m
D, [2014-04-01T23:07:12.054361 #4211] DEBUG -- :   [1m[35m (0.2ms)[0m  ROLLBACK
D, [2014-04-01T23:08:09.747882 #4211] DEBUG -- :   [1m[36m (0.2ms)[0m  [1mBEGIN[0m
D, [2014-04-01T23:08:09.757389 #4211] DEBUG -- :   [1m[35mSQL (0.9ms)[0m  INSERT INTO `db_objects` (`sha1`, `size`, `type`) VALUES ('888', 777, 'DbTree')
D, [2014-04-01T23:08:09.760515 #4211] DEBUG -- :   [1m[36m (2.6ms)[0m  [1mCOMMIT[0m
D, [2014-04-01T23:08:19.780050 #4211] DEBUG -- :   [1m[35mDbObject Load (0.4ms)[0m  SELECT `db_objects`.* FROM `db_objects` INNER JOIN `db_tree_entries` ON `db_objects`.`id` = `db_tree_entries`.`db_object_id` WHERE `db_tree_entries`.`tree_id` = 1
E, [2014-04-01T23:08:19.780117 #4211] ERROR -- : Mysql2::Error: Unknown column 'db_tree_entries.db_object_id' in 'on clause': SELECT `db_objects`.* FROM `db_objects` INNER JOIN `db_tree_entries` ON `db_objects`.`id` = `db_tree_entries`.`db_object_id` WHERE `db_tree_entries`.`tree_id` = 1
D, [2014-04-01T23:08:24.378826 #4211] DEBUG -- :   [1m[36mDbObject Load (0.5ms)[0m  [1mSELECT `db_objects`.* FROM `db_objects` INNER JOIN `db_tree_entries` ON `db_objects`.`id` = `db_tree_entries`.`db_object_id` WHERE `db_tree_entries`.`tree_id` = 1[0m
E, [2014-04-01T23:08:24.378930 #4211] ERROR -- : Mysql2::Error: Unknown column 'db_tree_entries.db_object_id' in 'on clause': SELECT `db_objects`.* FROM `db_objects` INNER JOIN `db_tree_entries` ON `db_objects`.`id` = `db_tree_entries`.`db_object_id` WHERE `db_tree_entries`.`tree_id` = 1
D, [2014-04-01T23:09:56.081096 #4295] DEBUG -- :   [1m[36mDbTree Load (0.4ms)[0m  [1mSELECT `db_objects`.* FROM `db_objects` WHERE `db_objects`.`type` IN ('DbTree') ORDER BY `db_objects`.`id` ASC LIMIT 1[0m
D, [2014-04-01T23:10:02.417668 #4295] DEBUG -- :   [1m[35mDbObject Load (0.4ms)[0m  SELECT `db_objects`.* FROM `db_objects` INNER JOIN `db_tree_entries` ON `db_objects`.`id` = `db_tree_entries`.`entry_id` WHERE `db_tree_entries`.`tree_id` = 1
D, [2014-04-01T23:10:37.626402 #4295] DEBUG -- :   [1m[36mDbBlob Load (0.5ms)[0m  [1mSELECT `db_objects`.* FROM `db_objects` WHERE `db_objects`.`type` IN ('DbBlob') ORDER BY `db_objects`.`id` ASC LIMIT 1[0m
D, [2014-04-01T23:11:00.760787 #4295] DEBUG -- :   [1m[35m (0.2ms)[0m  BEGIN
D, [2014-04-01T23:11:00.772710 #4295] DEBUG -- :   [1m[36mSQL (1.5ms)[0m  [1mINSERT INTO `db_objects` (`sha1`, `size`, `type`) VALUES ('12345', 999, 'DbBlob')[0m
D, [2014-04-01T23:11:00.775573 #4295] DEBUG -- :   [1m[35m (2.5ms)[0m  COMMIT
D, [2014-04-01T23:11:04.104727 #4295] DEBUG -- :   [1m[36mDbBlob Load (0.5ms)[0m  [1mSELECT `db_objects`.* FROM `db_objects` WHERE `db_objects`.`type` IN ('DbBlob') ORDER BY `db_objects`.`id` ASC LIMIT 1[0m
D, [2014-04-01T23:11:18.542366 #4295] DEBUG -- :   [1m[35m (0.2ms)[0m  BEGIN
D, [2014-04-01T23:11:18.543819 #4295] DEBUG -- :   [1m[36m (0.3ms)[0m  [1mINSERT INTO `db_tree_entries` (`tree_id`, `entry_id`) VALUES (1, 1)[0m
D, [2014-04-01T23:11:18.546561 #4295] DEBUG -- :   [1m[35m (2.5ms)[0m  COMMIT
